[LOG] System::create                           : Header version = 2.02.27. Current version = 2.02.27.
[LOG] Manager::init                            : maxchannels = 256 studioflags = 00000006 flags 00000000 extradriverdata 0000000000000000.
[LOG] SystemI::init                            : Initialize version=20227 (149235), maxchannels=256, flags=0x00020000
[LOG] SystemI::setOutputInternal               : Setting output to 'FMOD WASAPI Output'
[LOG] OutputWASAPI::init                       : Mix Format (WAVEFORMATEX): wFormatTag=0xFFFE, nChannels=2, nSamplesPerSec=48000, nAvgBytesPerSec=384000, nBlockAlign=8, wBitsPerSample=32, cbSize=22.
[LOG] OutputWASAPI::init                       : Mix Format (WAVEFORMATEXTENSIBLE): wValidBitsPerSample=32, dwChannelMask=0x00000003, SubFormat=00000003-0000-0010-8000-00AA00389B71.
[LOG] OutputWASAPI::init                       : Output buffer size: 4096 samples, latency: 0.00ms, period: 10.00ms, DSP buffer: 1024 * 4
[LOG] Thread::initThread                       : Init FMOD stream thread. Affinity: 0x4000000000000003, Priority: 0xFFFF7FFB, Stack Size: 98304, Semaphore: No, Sleep Time: 10, Looping: Yes.
[LOG] Thread::initThread                       : Init FMOD mixer thread. Affinity: 0x4000000000000001, Priority: 0xFFFF7FFA, Stack Size: 81920, Semaphore: No, Sleep Time: 0, Looping: Yes.
[LOG] AsyncManager::init                       : manager 000001F3C24B8728 isAsync 0 updatePeriod 0.02
[LOG] AsyncManager::init                       : done
[LOG] PlaybackSystem::init                     : 
[LOG] Thread::initThread                       : Init FMOD Studio sample load thread. Affinity: 0x4000000000000003, Priority: 0xFFFF7FFD, Stack Size: 98304, Semaphore: No, Sleep Time: 1, Looping: No.
[LOG] PlaybackSystem::init                     : done
[LOG] Thread::initThread                       : Init FMOD Studio bank load thread. Affinity: 0x4000000000000003, Priority: 0xFFFF7FFD, Stack Size: 98304, Semaphore: No, Sleep Time: 1, Looping: No.
[LOG] Manager::init                            : done.
[LOG] Manager::readBank                        : fileversion = 142, compatVersion = 140 (oldest = 44, newest = 142)
[LOG] Manager::readBank                        : fileversion = 142, compatVersion = 140 (oldest = 44, newest = 142)
[LOG] Manager::readBank                        : fileversion = 142, compatVersion = 140 (oldest = 44, newest = 142)
[LOG] Manager::readBank                        : fileversion = 142, compatVersion = 140 (oldest = 44, newest = 142)
[LOG] Manager::readBank                        : fileversion = 142, compatVersion = 140 (oldest = 44, newest = 142)
[LOG] Manager::readBank                        : fileversion = 142, compatVersion = 140 (oldest = 44, newest = 142)
[LOG] Manager::readBank                        : fileversion = 142, compatVersion = 140 (oldest = 44, newest = 142)
[LOG] PlaybackSystem::acquireMasterBus         : Setting master channel group format to 6
[LOG] Manager::readBank                        : fileversion = 142, compatVersion = 140 (oldest = 44, newest = 142)
[LOG] Manager::readBank                        : fileversion = 142, compatVersion = 140 (oldest = 44, newest = 142)
[LOG] Manager::readBank                        : fileversion = 142, compatVersion = 140 (oldest = 44, newest = 142)
[LOG] Manager::readBank                        : fileversion = 142, compatVersion = 140 (oldest = 44, newest = 142)
[LOG] Manager::readBank                        : fileversion = 142, compatVersion = 140 (oldest = 44, newest = 142)
[LOG] Manager::readBank                        : fileversion = 142, compatVersion = 140 (oldest = 44, newest = 142)
[LOG] Manager::readBank                        : fileversion = 142, compatVersion = 140 (oldest = 44, newest = 142)
[LOG] Manager::readBank                        : fileversion = 142, compatVersion = 140 (oldest = 44, newest = 142)
[LOG] Manager::readBank                        : fileversion = 142, compatVersion = 140 (oldest = 44, newest = 142)
[LOG] Manager::readBank                        : fileversion = 142, compatVersion = 140 (oldest = 44, newest = 142)
[LOG] SystemI::createSoundInternal             : Create name='', mode=0x02000202
[LOG] SystemI::createSoundInternal             : exinfo->cbsize             = 224
[LOG] SystemI::createSoundInternal             : exinfo->length             = 53152
[LOG] SystemI::createSoundInternal             : exinfo->fileoffset         = 3040
[LOG] SystemI::createSoundInternal             : exinfo->numsubsounds       = 1
[LOG] SystemI::createSoundInternal             : exinfo->inclusionlist      = 0000007AC733F068
[LOG] SystemI::createSoundInternal             : exinfo->inclusionlistnum   = 1
[LOG] SystemI::createSoundInternal             : exinfo->suggestedsoundtype = 5
[LOG] SystemI::createSoundInternal             : exinfo->useropen           = 00007FFA46055B90
[LOG] SystemI::createSoundInternal             : exinfo->userclose          = 00007FFA46055B50
[LOG] SystemI::createSoundInternal             : exinfo->userread           = 00007FFA46055C70
[LOG] SystemI::createSoundInternal             : exinfo->userseek           = 00007FFA46055D30
[LOG] SystemI::createSoundInternal             : exinfo->fileuserdata       = 000001F2FD7AC7A8
[LOG] SystemI::createSoundInternal             : exinfo->initialseekpostype = 1
[LOG] SystemI::DSPCodecPoolRegister            : register codec pool for pool type 5
[LOG] SystemI::createSoundInternal             : Sample 0/1: name='BouncerPt1_L1', format=5, channels=2, frequency=48000, lengthbytes=25344, lengthpcm=112154, pcmblocksize=0, loopstart=0, loopend=111691, mode=0x00000000, channelmask=0x00000000, channelorder=0, peakvolume=0.125191.
[LOG] SystemI::createSoundInternal             : Create name='', mode=0x02000202
[LOG] SystemI::createSoundInternal             : exinfo->cbsize             = 224
[LOG] SystemI::createSoundInternal             : exinfo->length             = 53152
[LOG] SystemI::createSoundInternal             : exinfo->fileoffset         = 3040
[LOG] SystemI::createSoundInternal             : exinfo->numsubsounds       = 1
[LOG] SystemI::createSoundInternal             : exinfo->inclusionlist      = 0000007AC733F068
[LOG] SystemI::createSoundInternal             : exinfo->inclusionlistnum   = 1
[LOG] SystemI::createSoundInternal             : exinfo->suggestedsoundtype = 5
[LOG] SystemI::createSoundInternal             : exinfo->useropen           = 00007FFA46055B90
[LOG] SystemI::createSoundInternal             : exinfo->userclose          = 00007FFA46055B50
[LOG] SystemI::createSoundInternal             : exinfo->userread           = 00007FFA46055C70
[LOG] SystemI::createSoundInternal             : exinfo->userseek           = 00007FFA46055D30
[LOG] SystemI::createSoundInternal             : exinfo->fileuserdata       = 000001F2F1422FA8
[LOG] SystemI::createSoundInternal             : exinfo->initialseekpostype = 1
[LOG] SystemI::DSPCodecPoolRegister            : register codec pool for pool type 5
[LOG] SystemI::createSoundInternal             : Sample 0/1: name='BouncerPt1_L2', format=5, channels=2, frequency=48000, lengthbytes=27584, lengthpcm=123923, pcmblocksize=0, loopstart=0, loopend=123230, mode=0x00000000, channelmask=0x00000000, channelorder=0, peakvolume=0.298491.
[LOG] SystemI::createSoundInternal             : Create name='', mode=0x02000202
[LOG] SystemI::createSoundInternal             : exinfo->cbsize             = 224
[LOG] SystemI::createSoundInternal             : exinfo->length             = 20032
[LOG] SystemI::createSoundInternal             : exinfo->fileoffset         = 1824
[LOG] SystemI::createSoundInternal             : exinfo->numsubsounds       = 1
[LOG] SystemI::createSoundInternal             : exinfo->inclusionlist      = 0000007AC733F068
[LOG] SystemI::createSoundInternal             : exinfo->inclusionlistnum   = 1
[LOG] SystemI::createSoundInternal             : exinfo->suggestedsoundtype = 5
[LOG] SystemI::createSoundInternal             : exinfo->useropen           = 00007FFA46055B90
[LOG] SystemI::createSoundInternal             : exinfo->userclose          = 00007FFA46055B50
[LOG] SystemI::createSoundInternal             : exinfo->userread           = 00007FFA46055C70
[LOG] SystemI::createSoundInternal             : exinfo->userseek           = 00007FFA46055D30
[LOG] SystemI::createSoundInternal             : exinfo->fileuserdata       = 000001F2EFAF0AD8
[LOG] SystemI::createSoundInternal             : exinfo->initialseekpostype = 1
[LOG] SystemI::DSPCodecPoolRegister            : register codec pool for pool type 5
[LOG] SystemI::createSoundInternal             : Sample 0/1: name='Bartender_Pt1_L1', format=5, channels=2, frequency=48000, lengthbytes=19872, lengthpcm=90231, pcmblocksize=0, loopstart=0, loopend=89307, mode=0x00000000, channelmask=0x00000000, channelorder=0, peakvolume=0.168877.
[LOG] SystemI::createSound                     : filename = Assets/BenjaminLydSjov/Fmod_SoundLibrary/Build/Desktop/Drunkeffect.bank : mode 02010082
[LOG] SystemI::createSound                     : FMOD_NONBLOCKING specified.  Putting into queue to be opened asynchronously!
[LOG] AsyncThread::add                         : add sound to async queue : soundi = 000001F0BA467638, queue head = 000001F3EC1CD438, queue count = 0
[LOG] AsyncThread::threadFunc                  : Starting Asynchronous operation on sound 000001F0BA467638
[LOG] SystemI::createSoundInternal             :     Create name='Assets/BenjaminLydSjov/Fmod_SoundLibrary/Build/Desktop/Drunkeffect.bank', mode=0x02010082
[LOG] SystemI::createSoundInternal             :     exinfo->cbsize             = 224
[LOG] SystemI::createSoundInternal             :     exinfo->length             = 35776
[LOG] SystemI::createSoundInternal             :     exinfo->fileoffset         = 2528
[LOG] SystemI::createSoundInternal             :     exinfo->numsubsounds       = 1
[LOG] SystemI::createSoundInternal             :     exinfo->inclusionlist      = 000001F2F2467760
[LOG] SystemI::createSoundInternal             :     exinfo->inclusionlistnum   = 1
[LOG] SystemI::createSoundInternal             :     exinfo->suggestedsoundtype = 5
[LOG] SystemI::createSoundInternal             :     exinfo->initialseekpostype = 1
[LOG] SystemI::createSoundInternal             :     Stream 0/1: name='ear-ring-104945', format=5, channels=1, frequency=48000, lengthbytes=35584, lengthpcm=494208, pcmblocksize=0, loopstart=0, loopend=0, mode=0x00000000, channelmask=0x00000000, channelorder=0, peakvolume=0.355896.
[LOG] AsyncThread::threadFunc                  : Finished Asynchronous operation on sound 000001F0BA467638
[LOG] SoundI::release                          : ear-ring-104945 (000001F413682158)
[LOG] SoundI::release                          :     ear-ring-104945 (000001F2CE6243B8)
[LOG] SoundI::release                          :     ear-ring-104945 (000001F418018DE8)
[LOG] SystemI::createSoundInternal             : Create name='', mode=0x02000202
[LOG] SystemI::createSoundInternal             : exinfo->cbsize             = 224
[LOG] SystemI::createSoundInternal             : exinfo->length             = 912224
[LOG] SystemI::createSoundInternal             : exinfo->fileoffset         = 13632
[LOG] SystemI::createSoundInternal             : exinfo->numsubsounds       = 1
[LOG] SystemI::createSoundInternal             : exinfo->inclusionlist      = 0000007AC733F068
[LOG] SystemI::createSoundInternal             : exinfo->inclusionlistnum   = 1
[LOG] SystemI::createSoundInternal             : exinfo->suggestedsoundtype = 5
[LOG] SystemI::createSoundInternal             : exinfo->useropen           = 00007FFA46055B90
[LOG] SystemI::createSoundInternal             : exinfo->userclose          = 00007FFA46055B50
[LOG] SystemI::createSoundInternal             : exinfo->userread           = 00007FFA46055C70
[LOG] SystemI::createSoundInternal             : exinfo->userseek           = 00007FFA46055D30
[LOG] SystemI::createSoundInternal             : exinfo->fileuserdata       = 000001F2FD7ABF68
[LOG] SystemI::createSoundInternal             : exinfo->initialseekpostype = 1
[LOG] SystemI::DSPCodecPoolRegister            : register codec pool for pool type 5
[LOG] SystemI::createSoundInternal             : Sample 0/1: name='Friend_Pt2_L1', format=5, channels=2, frequency=48000, lengthbytes=70208, lengthpcm=294692, pcmblocksize=0, loopstart=0, loopend=293999, mode=0x00000000, channelmask=0x00000000, channelorder=0, peakvolume=0.290232.
[LOG] SoundI::release                          : bar-chatter-5979 (000001F41367EEB8)
[LOG] SoundI::release                          :     bar-chatter-5979 (000001F395F59E58)
[LOG] SoundI::release                          :     bar-chatter-5979 (000001F2F245C0F8)
[LOG] SoundI::release                          : gobller_disco (000001F413681DF8)
[LOG] SoundI::release                          :     gobller_disco (000001F2CE625A78)
[LOG] SoundI::release                          :     gobller_disco (000001F4180183C8)
[LOG] SoundI::release                          : ear-ring-104945 (000001F0BA467638)
[LOG] SoundI::release                          :     ear-ring-104945 (000001F2CE0EE488)
[LOG] SoundI::release                          :     ear-ring-104945 (000001F413681078)
[LOG] SystemI::createSound                     : filename = Assets/BenjaminLydSjov/Fmod_SoundLibrary/Build/Desktop/TheFriend.bank : mode 02010082
[LOG] SystemI::createSound                     : FMOD_NONBLOCKING specified.  Putting into queue to be opened asynchronously!
[LOG] AsyncThread::add                         : add sound to async queue : soundi = 000001F082BB5288, queue head = 000001F3EC1CD438, queue count = 0
[LOG] AsyncThread::threadFunc                  : Starting Asynchronous operation on sound 000001F082BB5288
[LOG] SystemI::createSoundInternal             :     Create name='Assets/BenjaminLydSjov/Fmod_SoundLibrary/Build/Desktop/TheFriend.bank', mode=0x02010082
[LOG] SystemI::createSoundInternal             :     exinfo->cbsize             = 224
[LOG] SystemI::createSoundInternal             :     exinfo->length             = 912224
[LOG] SystemI::createSoundInternal             :     exinfo->fileoffset         = 13632
[LOG] SystemI::createSoundInternal             :     exinfo->numsubsounds       = 1
[LOG] SystemI::createSoundInternal             :     exinfo->inclusionlist      = 000001F37266B6E0
[LOG] SystemI::createSoundInternal             :     exinfo->inclusionlistnum   = 1
[LOG] SystemI::createSoundInternal             :     exinfo->suggestedsoundtype = 5
[LOG] SystemI::createSoundInternal             :     exinfo->initialseekpostype = 1
[LOG] SystemI::createSoundInternal             :     Stream 0/1: name='Friend_Pt2_L2', format=5, channels=2, frequency=48000, lengthbytes=163392, lengthpcm=733385, pcmblocksize=0, loopstart=0, loopend=732691, mode=0x00000000, channelmask=0x00000000, channelorder=0, peakvolume=0.350345.
[LOG] AsyncThread::threadFunc                  : Finished Asynchronous operation on sound 000001F082BB5288
[LOG] AsyncThread::add                         : add sound to async queue : soundi = 000001F0BA467B48, queue head = 000001F3EC1CD438, queue count = 0
[LOG] AsyncThread::threadFunc                  : Starting Asynchronous operation on sound 000001F0BA467B48
[LOG] AsyncThread::threadFunc                  : Finished Asynchronous operation on sound 000001F0BA467B48
[LOG] SystemI::createSound                     : filename = Assets/BenjaminLydSjov/Fmod_SoundLibrary/Build/Desktop/ArmyGuy.bank : mode 02010082
[LOG] SystemI::createSound                     : FMOD_NONBLOCKING specified.  Putting into queue to be opened asynchronously!
[LOG] AsyncThread::add                         : add sound to async queue : soundi = 000001F3BECF90F8, queue head = 000001F3EC1CD438, queue count = 0
[LOG] AsyncThread::threadFunc                  : Starting Asynchronous operation on sound 000001F3BECF90F8
[LOG] SystemI::createSoundInternal             :     Create name='Assets/BenjaminLydSjov/Fmod_SoundLibrary/Build/Desktop/ArmyGuy.bank', mode=0x02010082
[LOG] SystemI::createSoundInternal             :     exinfo->cbsize             = 224
[LOG] SystemI::createSoundInternal             :     exinfo->length             = 6568992
[LOG] SystemI::createSoundInternal             :     exinfo->fileoffset         = 70752
[LOG] SystemI::createSoundInternal             :     exinfo->numsubsounds       = 1
[LOG] SystemI::createSoundInternal             :     exinfo->inclusionlist      = 000001F4184FD610
[LOG] SystemI::createSoundInternal             :     exinfo->inclusionlistnum   = 1
[LOG] SystemI::createSoundInternal             :     exinfo->suggestedsoundtype = 5
[LOG] SystemI::createSoundInternal             :     exinfo->initialseekpostype = 1
[LOG] SystemI::createSoundInternal             :     Stream 0/1: name='people-walking-on-small-stones-27943', format=5, channels=2, frequency=48000, lengthbytes=264672, lengthpcm=1352448, pcmblocksize=0, loopstart=0, loopend=0, mode=0x00000000, channelmask=0x00000000, channelorder=0, peakvolume=0.676056.
[LOG] SystemI::createSound                     :     filename = Assets/BenjaminLydSjov/Fmod_SoundLibrary/Build/Desktop/Drunkeffect.bank : mode 02010082
[LOG] SystemI::createSound                     :     FMOD_NONBLOCKING specified.  Putting into queue to be opened asynchronously!
[LOG] AsyncThread::add                         :     add sound to async queue : soundi = 000001F3BECF8888, queue head = 000001F3EC1CD438, queue count = 0
[LOG] AsyncThread::threadFunc                  : Finished Asynchronous operation on sound 000001F3BECF90F8
[LOG] AsyncThread::threadFunc                  : Starting Asynchronous operation on sound 000001F3BECF8888
[LOG] SystemI::createSoundInternal             :     Create name='Assets/BenjaminLydSjov/Fmod_SoundLibrary/Build/Desktop/Drunkeffect.bank', mode=0x02010082
[LOG] SystemI::createSoundInternal             :     exinfo->cbsize             = 224
[LOG] SystemI::createSoundInternal             :     exinfo->length             = 35776
[LOG] SystemI::createSoundInternal             :     exinfo->fileoffset         = 2528
[LOG] SystemI::createSound                     :     filename = Assets/BenjaminLydSjov/Fmod_SoundLibrary/Build/Desktop/Music.bank : mode 02010082
[LOG] SystemI::createSound                     :     FMOD_NONBLOCKING specified.  Putting into queue to be opened asynchronously!
[LOG] SystemI::createSoundInternal             :     exinfo->numsubsounds       = 1
[LOG] AsyncThread::add                         :     add sound to async queue : soundi = 000001F2F0E20858, queue head = 000001F3EC1CD438, queue count = 0
[LOG] SystemI::createSoundInternal             :     exinfo->inclusionlist      = 000001F4184FDC50
[LOG] SystemI::createSoundInternal             :     exinfo->inclusionlistnum   = 1
[LOG] SystemI::createSoundInternal             :     exinfo->suggestedsoundtype = 5
[LOG] SystemI::createSoundInternal             :     exinfo->initialseekpostype = 1
[LOG] SystemI::createSoundInternal             :     Stream 0/1: name='ear-ring-104945', format=5, channels=1, frequency=48000, lengthbytes=35584, lengthpcm=494208, pcmblocksize=0, loopstart=0, loopend=0, mode=0x00000000, channelmask=0x00000000, channelorder=0, peakvolume=0.355896.
[LOG] SystemI::createSound                     :     filename = Assets/BenjaminLydSjov/Fmod_SoundLibrary/Build/Desktop/ArmyGuy.bank : mode 02010082
[LOG] SystemI::createSound                     :     FMOD_NONBLOCKING specified.  Putting into queue to be opened asynchronously!
[LOG] AsyncThread::add                         :     add sound to async queue : soundi = 000001F2F0E20A08, queue head = 000001F3EC1CD438, queue count = 1
[LOG] AsyncThread::threadFunc                  : Finished Asynchronous operation on sound 000001F3BECF8888
[LOG] AsyncThread::threadFunc                  : Starting Asynchronous operation on sound 000001F2F0E20858
[LOG] SystemI::createSoundInternal             :     Create name='Assets/BenjaminLydSjov/Fmod_SoundLibrary/Build/Desktop/Music.bank', mode=0x02010082
[LOG] SystemI::createSoundInternal             :     exinfo->cbsize             = 224
[LOG] SystemI::createSoundInternal             :     exinfo->length             = 1137472
[LOG] SystemI::createSoundInternal             :     exinfo->fileoffset         = 6112
[LOG] SystemI::createSoundInternal             :     exinfo->numsubsounds       = 1
[LOG] SystemI::createSoundInternal             :     exinfo->inclusionlist      = 000001F4184FD750
[LOG] SystemI::createSoundInternal             :     exinfo->inclusionlistnum   = 1
[LOG] SystemI::createSoundInternal             :     exinfo->suggestedsoundtype = 5
[LOG] SystemI::createSoundInternal             :     exinfo->initialseekpostype = 1
[LOG] SystemI::createSound                     :     filename = Assets/BenjaminLydSjov/Fmod_SoundLibrary/Build/Desktop/BarAmbience.bank : mode 02010082
[LOG] SystemI::createSound                     :     FMOD_NONBLOCKING specified.  Putting into queue to be opened asynchronously!
[LOG] AsyncThread::add                         :     add sound to async queue : soundi = 000001F2F0E204F8, queue head = 000001F3EC1CD438, queue count = 1
[LOG] SystemI::createSoundInternal             :     Stream 0/1: name='gobller_disco', format=5, channels=2, frequency=48000, lengthbytes=538976, lengthpcm=2496000, pcmblocksize=0, loopstart=0, loopend=0, mode=0x00000000, channelmask=0x00000000, channelorder=0, peakvolume=0.848482.
[LOG] SystemI::createSound                     :     filename = Assets/BenjaminLydSjov/Fmod_SoundLibrary/Build/Desktop/ArmyGuy.bank : mode 02010082
[LOG] SystemI::createSound                     :     FMOD_NONBLOCKING specified.  Putting into queue to be opened asynchronously!
[LOG] AsyncThread::add                         :     add sound to async queue : soundi = 000001F2F0E1FFE8, queue head = 000001F3EC1CD438, queue count = 2
[LOG] SystemI::createSoundInternal             :     Create name='', mode=0x02000202
[LOG] SystemI::createSoundInternal             :     exinfo->cbsize             = 224
[LOG] SystemI::createSoundInternal             :     exinfo->length             = 6568992
[LOG] SystemI::createSoundInternal             :     exinfo->fileoffset         = 70752
[LOG] SystemI::createSoundInternal             :     exinfo->numsubsounds       = 1
[LOG] SystemI::createSoundInternal             :     exinfo->inclusionlist      = 0000007AC733F068
[LOG] SystemI::createSoundInternal             :     exinfo->inclusionlistnum   = 1
[LOG] SystemI::createSoundInternal             :     exinfo->suggestedsoundtype = 5
[LOG] SystemI::createSoundInternal             :     exinfo->useropen           = 00007FFA46055B90
[LOG] SystemI::createSoundInternal             :     exinfo->userclose          = 00007FFA46055B50
[LOG] SystemI::createSoundInternal             :     exinfo->userread           = 00007FFA46055C70
[LOG] SystemI::createSoundInternal             :     exinfo->userseek           = 00007FFA46055D30
[LOG] SystemI::createSoundInternal             :     exinfo->fileuserdata       = 000001F2FD7AE698
[LOG] SystemI::createSoundInternal             : exinfo->initialseekpostype = 1
[LOG] AsyncThread::threadFunc                  : Finished Asynchronous operation on sound 000001F2F0E20858
[LOG] SystemI::DSPCodecPoolRegister            : register codec pool for pool type 5
[LOG] AsyncThread::threadFunc                  : Starting Asynchronous operation on sound 000001F2F0E20A08
[LOG] SystemI::createSoundInternal             : Sample 0/1: name='cough-82181', format=5, channels=1, frequency=48000, lengthbytes=26880, lengthpcm=195604, pcmblocksize=0, loopstart=0, loopend=0, mode=0x00000000, channelmask=0x00000000, channelorder=0, peakvolume=0.827087.
[LOG] SystemI::createSoundInternal             :     Create name='Assets/BenjaminLydSjov/Fmod_SoundLibrary/Build/Desktop/ArmyGuy.bank', mode=0x02010082
[LOG] SystemI::createSoundInternal             :     exinfo->cbsize             = 224
[LOG] SystemI::createSoundInternal             :     exinfo->length             = 6568992
[LOG] SystemI::createSoundInternal             :     exinfo->fileoffset         = 70752
[LOG] SystemI::createSoundInternal             :     exinfo->numsubsounds       = 1
[LOG] SystemI::createSoundInternal             :     exinfo->inclusionlist      = 000001F4184FE3D0
[LOG] SystemI::createSoundInternal             :     Create name='', mode=0x02000202
[LOG] SystemI::createSoundInternal             :     exinfo->cbsize             = 224
[LOG] SystemI::createSoundInternal             :     exinfo->inclusionlistnum   = 1
[LOG] SystemI::createSoundInternal             :     exinfo->suggestedsoundtype = 5
[LOG] SystemI::createSoundInternal             :     exinfo->length             = 6568992
[LOG] SystemI::createSoundInternal             :     exinfo->fileoffset         = 70752
[LOG] SystemI::createSoundInternal             :     exinfo->initialseekposition = 2000
[LOG] SystemI::createSoundInternal             :     exinfo->initialseekpostype = 1
[LOG] SystemI::createSoundInternal             :     exinfo->numsubsounds       = 1
[LOG] SystemI::createSoundInternal             :     exinfo->inclusionlist      = 0000007AC733F068
[LOG] SystemI::createSoundInternal             :     exinfo->inclusionlistnum   = 1
[LOG] SystemI::createSoundInternal             :     exinfo->suggestedsoundtype = 5
[LOG] SystemI::createSoundInternal             :     exinfo->useropen           = 00007FFA46055B90
[LOG] SystemI::createSoundInternal             :     exinfo->userclose          = 00007FFA46055B50
[LOG] SystemI::createSoundInternal             :     exinfo->userread           = 00007FFA46055C70
[LOG] SystemI::createSoundInternal             :     exinfo->userseek           = 00007FFA46055D30
[LOG] SystemI::createSoundInternal             :     exinfo->fileuserdata       = 000001F2FD7AE698
[LOG] SystemI::createSoundInternal             :     exinfo->initialseekpostype = 1
[LOG] SystemI::createSoundInternal             :     Stream 0/1: name='bar-chatter-5979', format=5, channels=2, frequency=48000, lengthbytes=4195360, lengthpcm=17882496, pcmblocksize=0, loopstart=0, loopend=0, mode=0x00000000, channelmask=0x00000000, channelorder=0, peakvolume=0.784760.
[LOG] SystemI::DSPCodecPoolRegister            :     register codec pool for pool type 5
[LOG] SystemI::createSoundInternal             :     Sample 0/1: name='a-celebratory-toast-99672', format=5, channels=2, frequency=48000, lengthbytes=19936, lengthpcm=168192, pcmblocksize=0, loopstart=0, loopend=0, mode=0x00000000, channelmask=0x00000000, channelorder=0, peakvolume=0.204193.
[LOG] AsyncThread::threadFunc                  : Finished Asynchronous operation on sound 000001F2F0E20A08
[LOG] AsyncThread::threadFunc                  : Starting Asynchronous operation on sound 000001F2F0E204F8
[LOG] SystemI::createSoundInternal             :     Create name='Assets/BenjaminLydSjov/Fmod_SoundLibrary/Build/Desktop/BarAmbience.bank', mode=0x02010082
[LOG] SystemI::createSoundInternal             :     exinfo->cbsize             = 224
[LOG] SystemI::createSoundInternal             :     exinfo->length             = 1377600
[LOG] SystemI::createSoundInternal             :     exinfo->fileoffset         = 2080
[LOG] SystemI::createSoundInternal             :     exinfo->numsubsounds       = 1
[LOG] SystemI::createSoundInternal             :     exinfo->inclusionlist      = 000001F4184FE010
[LOG] SystemI::createSoundInternal             :     exinfo->inclusionlistnum   = 1
[LOG] SystemI::createSoundInternal             :     exinfo->suggestedsoundtype = 5
[LOG] SystemI::createSoundInternal             :     exinfo->initialseekpostype = 1
[LOG] SystemI::createSoundInternal             :     Stream 0/1: name='FEST1', format=5, channels=2, frequency=48000, lengthbytes=1376576, lengthpcm=5472000, pcmblocksize=0, loopstart=0, loopend=0, mode=0x00000000, channelmask=0x00000000, channelorder=0, peakvolume=0.852859.
[LOG] AsyncThread::threadFunc                  : Finished Asynchronous operation on sound 000001F2F0E204F8
[LOG] AsyncThread::threadFunc                  : Starting Asynchronous operation on sound 000001F2F0E1FFE8
[LOG] SystemI::createSoundInternal             :     Create name='Assets/BenjaminLydSjov/Fmod_SoundLibrary/Build/Desktop/ArmyGuy.bank', mode=0x02010082
[LOG] SystemI::createSoundInternal             :     exinfo->cbsize             = 224
[LOG] SystemI::createSoundInternal             :     exinfo->length             = 6568992
[LOG] SystemI::createSoundInternal             :     exinfo->fileoffset         = 70752
[LOG] SystemI::createSoundInternal             :     exinfo->numsubsounds       = 1
[LOG] SystemI::createSoundInternal             :     exinfo->inclusionlist      = 000001F4184FDB10
[LOG] SystemI::createSoundInternal             :     exinfo->inclusionlistnum   = 1
[LOG] SystemI::createSoundInternal             :     exinfo->suggestedsoundtype = 5
[LOG] SystemI::createSoundInternal             :     exinfo->initialseekposition = 6000
[LOG] SystemI::createSoundInternal             :     exinfo->initialseekpostype = 1
[LOG] SystemI::createSoundInternal             :     Stream 0/1: name='car-passing-by-272055', format=5, channels=1, frequency=48000, lengthbytes=214496, lengthpcm=1270177, pcmblocksize=0, loopstart=0, loopend=0, mode=0x00000000, channelmask=0x00000000, channelorder=0, peakvolume=0.492035.
[LOG] AsyncThread::threadFunc                  : Finished Asynchronous operation on sound 000001F2F0E1FFE8
[LOG] AsyncThread::add                         : add sound to async queue : soundi = 000001F2F2857AD8, queue head = 000001F3EC1CD438, queue count = 0
[LOG] AsyncThread::threadFunc                  : Starting Asynchronous operation on sound 000001F2F2857AD8
[LOG] AsyncThread::threadFunc                  : Finished Asynchronous operation on sound 000001F2F2857AD8
[LOG] SystemI::createSoundInternal             : Create name='', mode=0x02000202
[LOG] SystemI::createSoundInternal             : exinfo->cbsize             = 224
[LOG] SystemI::createSoundInternal             : exinfo->length             = 6568992
[LOG] SystemI::createSoundInternal             : exinfo->fileoffset         = 70752
[LOG] SystemI::createSoundInternal             : exinfo->numsubsounds       = 1
[LOG] SystemI::createSoundInternal             : exinfo->inclusionlist      = 0000007AC733F068
[LOG] SystemI::createSoundInternal             : exinfo->inclusionlistnum   = 1
[LOG] SystemI::createSoundInternal             : exinfo->suggestedsoundtype = 5
[LOG] SystemI::createSoundInternal             : exinfo->useropen           = 00007FFA46055B90
[LOG] SystemI::createSoundInternal             : exinfo->userclose          = 00007FFA46055B50
[LOG] SystemI::createSoundInternal             : exinfo->userread           = 00007FFA46055C70
[LOG] SystemI::createSoundInternal             : exinfo->userseek           = 00007FFA46055D30
[LOG] SystemI::createSoundInternal             : exinfo->fileuserdata       = 000001F2EF380668
[LOG] SystemI::createSoundInternal             : exinfo->initialseekpostype = 1
[LOG] SystemI::DSPCodecPoolRegister            : register codec pool for pool type 5
[LOG] SystemI::createSoundInternal             : Sample 0/1: name='Army_intro_2', format=5, channels=2, frequency=48000, lengthbytes=31168, lengthpcm=140077, pcmblocksize=0, loopstart=0, loopend=0, mode=0x00000000, channelmask=0x00000000, channelorder=0, peakvolume=0.374309.
[LOG] SystemI::createSound                     : filename = Assets/BenjaminLydSjov/Fmod_SoundLibrary/Build/Desktop/ArmyGuy.bank : mode 02010082
[LOG] SystemI::createSound                     : FMOD_NONBLOCKING specified.  Putting into queue to be opened asynchronously!
[LOG] AsyncThread::add                         : add sound to async queue : soundi = 000001F3BECF9458, queue head = 000001F3EC1CD438, queue count = 0
[LOG] AsyncThread::threadFunc                  : Starting Asynchronous operation on sound 000001F3BECF9458
[LOG] SystemI::createSoundInternal             :     Create name='Assets/BenjaminLydSjov/Fmod_SoundLibrary/Build/Desktop/ArmyGuy.bank', mode=0x02010082
[LOG] SystemI::createSoundInternal             :     exinfo->cbsize             = 224
[LOG] SystemI::createSoundInternal             :     exinfo->length             = 6568992
[LOG] SystemI::createSoundInternal             :     exinfo->fileoffset         = 70752
[LOG] SystemI::createSoundInternal             :     exinfo->numsubsounds       = 1
[LOG] SystemI::createSoundInternal             :     exinfo->inclusionlist      = 000001F4184FDED0
[LOG] SystemI::createSoundInternal             :     exinfo->inclusionlistnum   = 1
[LOG] SystemI::createSoundInternal             :     exinfo->suggestedsoundtype = 5
[LOG] SystemI::createSoundInternal             :     exinfo->initialseekpostype = 1
[LOG] SystemI::createSoundInternal             :     Stream 0/1: name='ArmyGuyPt2_L1', format=5, channels=2, frequency=48000, lengthbytes=165696, lengthpcm=757154, pcmblocksize=0, loopstart=0, loopend=756230, mode=0x00000000, channelmask=0x00000000, channelorder=0, peakvolume=0.722669.
[LOG] AsyncThread::threadFunc                  : Finished Asynchronous operation on sound 000001F3BECF9458
[LOG] AsyncThread::add                         : add sound to async queue : soundi = 000001F41367E648, queue head = 000001F3EC1CD438, queue count = 0
[LOG] AsyncThread::threadFunc                  : Starting Asynchronous operation on sound 000001F41367E648
[LOG] AsyncThread::threadFunc                  : Finished Asynchronous operation on sound 000001F41367E648
[LOG] SoundI::release                          :  (000001F417D48C88)
[LOG] SoundI::release                          :     BouncerPt1_L1 (000001F23D5CD688)
[LOG] SoundI::release                          :  (000001F417D486C8)
[LOG] SoundI::release                          :     BouncerPt1_L2 (000001F23D5D1138)
[LOG] SoundI::release                          :  (000001F417D4D748)
[LOG] SoundI::release                          :     Bartender_Pt1_L1 (000001F395F5F2D8)
[LOG] SoundI::release                          :  (000001F417D5BBD8)
[LOG] SoundI::release                          :     Friend_Pt2_L1 (000001F23D5CD4E8)
[LOG] SoundI::release                          : people-walking-on-small-stones-27943 (000001F3BECF90F8)
[LOG] SoundI::release                          :     people-walking-on-small-stones-27943 (000001F2CE624558)
[LOG] SoundI::release                          :     people-walking-on-small-stones-27943 (000001F414589538)
[LOG] SoundI::release                          : people-walking-on-small-stones-27943 (000001F41367C488)
[LOG] SoundI::release                          :     people-walking-on-small-stones-27943 (000001F395F5A818)
[LOG] SoundI::release                          :     people-walking-on-small-stones-27943 (000001F2F245BD98)
[LOG] SoundI::release                          : FEST1 (000001F41367FA88)
[LOG] SoundI::release                          :     FEST1 (000001F395F5A198)
[LOG] SoundI::release                          :     FEST1 (000001F2F245BBE8)
[LOG] SoundI::release                          : FEST1 (000001F2F0E204F8)
[LOG] SoundI::release                          :     FEST1 (000001F4274DE328)
[LOG] SoundI::release                          :     FEST1 (000001F2F2857AD8)
[LOG] SoundI::release                          : car-passing-by-272055 (000001F2F0E1FFE8)
[LOG] SoundI::release                          :     car-passing-by-272055 (000001F4274DBDC8)
[LOG] SoundI::release                          :     car-passing-by-272055 (000001F2F2857C88)
[LOG] SoundI::release                          : gobller_disco (000001F2F0E20858)
[LOG] SoundI::release                          :     gobller_disco (000001F2CE0EE2E8)
[LOG] SoundI::release                          :     gobller_disco (000001F414589BF8)
[LOG] SoundI::release                          : ArmyGuyPt2_L1 (000001F3BECF9458)
[LOG] SoundI::release                          :     ArmyGuyPt2_L1 (000001F4274DF1C8)
[LOG] SoundI::release                          :     ArmyGuyPt2_L1 (000001F41367E648)
[LOG] SoundI::release                          : bar-chatter-5979 (000001F2F0E20A08)
[LOG] SoundI::release                          :     bar-chatter-5979 (000001F4274DA088)
[LOG] SoundI::release                          :     bar-chatter-5979 (000001F41458A108)
[LOG] SoundI::release                          : Friend_Pt2_L2 (000001F082BB5288)
[LOG] SoundI::release                          :     Friend_Pt2_L2 (000001F2CE625598)
[LOG] SoundI::release                          :     Friend_Pt2_L2 (000001F0BA467B48)
[LOG] SoundI::release                          : ear-ring-104945 (000001F3BECF8888)
[LOG] SoundI::release                          :     ear-ring-104945 (000001F395F59FF8)
[LOG] SoundI::release                          :     ear-ring-104945 (000001F414589A48)
[LOG] SoundI::release                          :  (000001F3C200F968)
[LOG] SoundI::release                          :     beerpour-91033 (000001F395F58798)
[LOG] SoundI::release                          :  (000001F3BEC612F8)
[LOG] SoundI::release                          :     a-celebratory-toast-99672 (000001F4274DCC68)
[LOG] SoundI::release                          :  (000001F417D5BD48)
[LOG] SoundI::release                          :     Army_intro_2 (000001F4274DD628)
[LOG] SoundI::release                          :  (000001F3BEC62FB8)
[LOG] SoundI::release                          :     cough-82181 (000001F4274DD7C8)
[LOG] SoundI::release                          :  (000001F3C200DE18)
[LOG] SoundI::release                          :     Silence (000001F2CE6246F8)
[LOG] Thread::callback                         : FMOD Studio update thread finished.
[LOG] Thread::callback                         : FMOD Studio bank load thread finished.
[LOG] Profile::disconnectAll                   : Profiler disconnecting all clients
[LOG] Thread::callback                         : FMOD Studio sample load thread finished.
[LOG] LiveUpdate::release                      : 
[LOG] LiveUpdate::reset                        : Reset connection (reason Disconnected)
[LOG] Thread::callback                         : FMOD stream thread finished.
[LOG] Thread::callback                         : FMOD mixer thread finished.
[LOG] Profile::disconnectAll                   : Profiler disconnecting all clients
[LOG] SystemI::close                           : Closed.
